\BOOKMARK [0][-]{chapter*.1}{Abstract}{}% 1
\BOOKMARK [0][-]{chapter*.3}{List of Figures}{}% 2
\BOOKMARK [0][-]{chapter.1}{Introduction }{}% 3
\BOOKMARK [1][-]{section.1.1}{Overview}{chapter.1}% 4
\BOOKMARK [2][-]{subsection.1.1.1}{Gravitational waves - a new window to the Universe}{section.1.1}% 5
\BOOKMARK [2][-]{subsection.1.1.2}{Core collapse supernovae}{section.1.1}% 6
\BOOKMARK [2][-]{subsection.1.1.3}{LIGO and Advanced LIGO}{section.1.1}% 7
\BOOKMARK [2][-]{subsection.1.1.4}{Extracting CCSN physics from Advanced LIGO data}{section.1.1}% 8
\BOOKMARK [3][-]{subsubsection.1.1.4.1}{Detectability}{subsection.1.1.4}% 9
\BOOKMARK [3][-]{subsubsection.1.1.4.2}{Waveform reconstruction}{subsection.1.1.4}% 10
\BOOKMARK [2][-]{subsection.1.1.5}{Terrestrial sources of aLIGO noise and their impact on CCSN}{section.1.1}% 11
\BOOKMARK [2][-]{subsection.1.1.6}{Common sources of noise}{section.1.1}% 12
\BOOKMARK [2][-]{subsection.1.1.7}{Transient noise}{section.1.1}% 13
\BOOKMARK [2][-]{subsection.1.1.8}{Seismic noise}{section.1.1}% 14
\BOOKMARK [2][-]{subsection.1.1.9}{Terrestrial noise: impact on detectability, parameter estimation, and waveform reconstruction }{section.1.1}% 15
\BOOKMARK [1][-]{section.1.2}{General Relativity and Gravitational waves}{chapter.1}% 16
\BOOKMARK [2][-]{subsection.1.2.1}{Prediction of gravitational waves}{section.1.2}% 17
\BOOKMARK [2][-]{subsection.1.2.2}{Propagation of gravitational waves}{section.1.2}% 18
\BOOKMARK [2][-]{subsection.1.2.3}{Gravitational wave astronomy}{section.1.2}% 19
\BOOKMARK [1][-]{section.1.3}{LIGO and Advanced LIGO}{chapter.1}% 20
\BOOKMARK [2][-]{subsection.1.3.1}{Advanced LIGO}{section.1.3}% 21
\BOOKMARK [2][-]{subsection.1.3.2}{The LIGO interferometers and the global interferometer network}{section.1.3}% 22
\BOOKMARK [2][-]{subsection.1.3.3}{Advanced LIGO seismic isolation}{section.1.3}% 23
\BOOKMARK [3][-]{subsubsection.1.3.3.1}{Suspensions}{subsection.1.3.3}% 24
\BOOKMARK [0][-]{chapter.2}{Core-collapse supernovae}{}% 25
\BOOKMARK [1][-]{section.2.1}{Overview}{chapter.2}% 26
\BOOKMARK [1][-]{section.2.2}{Leading models for CCSN explosion mechanism}{chapter.2}% 27
\BOOKMARK [1][-]{section.2.3}{Extracting the explosion mechanism from LIGO GW data}{chapter.2}% 28
\BOOKMARK [1][-]{section.2.4}{The importance of waveform reconstruction}{chapter.2}% 29
\BOOKMARK [0][-]{chapter.3}{Detecting and reconstructing CCSN signals from aLIGO data }{}% 30
\BOOKMARK [1][-]{section.3.1}{The burst all-sky search and transient detection}{chapter.3}% 31
\BOOKMARK [1][-]{section.3.2}{Overview of reconstruction methods}{chapter.3}% 32
\BOOKMARK [2][-]{subsection.3.2.1}{cWB2G}{section.3.2}% 33
\BOOKMARK [2][-]{subsection.3.2.2}{BayesWave}{section.3.2}% 34
\BOOKMARK [2][-]{subsection.3.2.3}{\(MaxEnt??\)}{section.3.2}% 35
\BOOKMARK [1][-]{section.3.3}{Comparison of reconstruction methods}{chapter.3}% 36
\BOOKMARK [2][-]{subsection.3.3.1}{Technique }{section.3.3}% 37
\BOOKMARK [2][-]{subsection.3.3.2}{Results }{section.3.3}% 38
\BOOKMARK [0][-]{chapter.4}{Characterizing and mitigating terrestrial noise sources}{}% 39
\BOOKMARK [1][-]{section.4.1}{Characterizing general transient noise }{chapter.4}% 40
\BOOKMARK [2][-]{subsection.4.1.1}{Performance of single interferometer burst pipelines}{section.4.1}% 41
\BOOKMARK [1][-]{section.4.2}{Seismic noise}{chapter.4}% 42
\BOOKMARK [2][-]{subsection.4.2.1}{Livingston train up-conversion}{section.4.2}% 43
\BOOKMARK [1][-]{section.4.3}{Advanced LIGO seismic noise transient propagation}{chapter.4}% 44
\BOOKMARK [1][-]{section.4.4}{Techniques for transient noise mitigation}{chapter.4}% 45
\BOOKMARK [2][-]{subsection.4.4.1}{Data quality vetoes}{section.4.4}% 46
\BOOKMARK [2][-]{subsection.4.4.2}{Event-based veto generation}{section.4.4}% 47
\BOOKMARK [0][-]{chapter.5}{The impact of terrestrial seismic noise on CCSN detectability and reconstruction}{}% 48
\BOOKMARK [1][-]{section.5.1}{CCSN detectability in recolored non-Gaussian data}{chapter.5}% 49
\BOOKMARK [1][-]{section.5.2}{CCSN reconstruction in recolored non-Gaussian data}{chapter.5}% 50
\BOOKMARK [0][-]{chapter.6}{Conclusions and future prospects}{}% 51
\BOOKMARK [0][-]{chapter*.14}{Bibliography}{}% 52
