This is pdfTeX, Version 3.1415926-2.5-1.40.14 (TeX Live 2013/MacPorts 2013_5) (format=pdflatex 2014.6.6)  3 NOV 2014 20:18
entering extended mode
 restricted \write18 enabled.
 %&-line parsing enabled.
**THESIS.tex
(./THESIS.tex
LaTeX2e <2011/06/27>
Babel <3.9f> and hyphenation patterns for 43 languages loaded.
(./umthesis.cls
Document Class: umthesis 2003/10/16 20:20:51 1.25 U.Mass. dissertation class
(/opt/local/share/texmf-texlive/tex/latex/base/report.cls
Document Class: report 2007/10/19 v1.4h Standard LaTeX document class
(/opt/local/share/texmf-texlive/tex/latex/base/size12.clo
File: size12.clo 2007/10/19 v1.4h Standard LaTeX file (size option)
)
\c@part=\count79
\c@chapter=\count80
\c@section=\count81
\c@subsection=\count82
\c@subsubsection=\count83
\c@paragraph=\count84
\c@subparagraph=\count85
\c@figure=\count86
\c@table=\count87
\abovecaptionskip=\skip41
\belowcaptionskip=\skip42
\bibindent=\dimen102
)
(/opt/local/share/texmf-texlive/tex/latex/textcase/textcase.sty
Package: textcase 2004/10/07 v0.07 Text only upper/lower case changing (DPC)
)
(/opt/local/share/texmf-texlive/tex/latex/etoolbox/etoolbox.sty
Package: etoolbox 2011/01/03 v2.1 e-TeX tools for LaTeX

(/opt/local/share/texmf-texlive/tex/latex/etex-pkg/etex.sty
Package: etex 1998/03/26 v2.0 eTeX basic definition package (PEB)
\et@xins=\count88
)
\etb@tempcnta=\count89
) (./umth12pt.clo
File: umth12pt.clo 1997/09/08 16:03:30 1.3 U.Mass. thesis (size option)
)
\c@count@FrontMatter=\count90
\c@count@Chapter=\count91
\c@count@Appendix=\count92
\c@count@BackMatter=\count93

Patching chapter command 1 succeeded
Patching chapter command 2 succeeded
Patching chapter command 3 succeeded
Appending to chapter command succeeded
\umthesis@contentshangindent=\skip43
\tablenumberwidth=\skip44
(./umthstd.clo
File: umthstd.clo 2003/10/16 20:56:33 1.12 U.Mass. thesis frontmatter option
)
\umthesis@basefootnotesep=\skip45
\umthesis@baseskipfootins=\skip46
)
(/opt/local/share/texmf-texlive/tex/latex/graphics/graphicx.sty
Package: graphicx 1999/02/16 v1.0f Enhanced LaTeX Graphics (DPC,SPQR)

(/opt/local/share/texmf-texlive/tex/latex/graphics/keyval.sty
Package: keyval 1999/03/16 v1.13 key=value parser (DPC)
\KV@toks@=\toks14
)
(/opt/local/share/texmf-texlive/tex/latex/graphics/graphics.sty
Package: graphics 2009/02/05 v1.0o Standard LaTeX Graphics (DPC,SPQR)

(/opt/local/share/texmf-texlive/tex/latex/graphics/trig.sty
Package: trig 1999/03/16 v1.09 sin cos tan (DPC)
)
(/opt/local/share/texmf-texlive/tex/latex/latexconfig/graphics.cfg
File: graphics.cfg 2010/04/23 v1.9 graphics configuration of TeX Live
)
Package graphics Info: Driver file: pdftex.def on input line 91.

(/opt/local/share/texmf-texlive/tex/latex/pdftex-def/pdftex.def
File: pdftex.def 2011/05/27 v0.06d Graphics/color for pdfTeX

(/opt/local/share/texmf-texlive/tex/generic/oberdiek/infwarerr.sty
Package: infwarerr 2010/04/08 v1.3 Providing info/warning/error messages (HO)
)
(/opt/local/share/texmf-texlive/tex/generic/oberdiek/ltxcmds.sty
Package: ltxcmds 2011/11/09 v1.22 LaTeX kernel commands for general use (HO)
)
\Gread@gobject=\count94
))
\Gin@req@height=\dimen103
\Gin@req@width=\dimen104
)
(/opt/local/share/texmf-texlive/tex/latex/caption/caption.sty
Package: caption 2013/05/02 v3.3-89 Customizing captions (AR)

(/opt/local/share/texmf-texlive/tex/latex/caption/caption3.sty
Package: caption3 2013/05/02 v1.6-88 caption3 kernel (AR)
Package caption3 Info: TeX engine: e-TeX on input line 57.
\captionmargin=\dimen105
\captionmargin@=\dimen106
\captionwidth=\dimen107
\caption@tempdima=\dimen108
\caption@indent=\dimen109
\caption@parindent=\dimen110
\caption@hangindent=\dimen111
Package caption Info: Unknown document class (or package),
(caption)             standard defaults will be used.
)

Package caption Warning: Unsupported document class (or package) detected,
(caption)                usage of the caption package is not recommended.
See the caption package documentation for explanation.

Package caption Info: \@makecaption = \long macro:#1#2->\addvspace {\abovecapti
onskip } \sbox \@tempboxa {\textbf {#1.} #2}\ifdim \wd \@tempboxa >\hsize \text
bf {#1.} #2\par \else \global \@minipagefalse \hb@xt@ \hsize {\hfil \box \@temp
boxa \hfil }\fi \par \vskip \belowcaptionskip \par .
\c@ContinuedFloat=\count95
) (/opt/local/share/texmf-texlive/tex/latex/caption/subcaption.sty
Package: subcaption 2013/02/03 v1.1-62 Sub-captions (AR)
\c@subfigure=\count96
\c@subtable=\count97
)
(/opt/local/share/texmf-texlive/tex/latex/graphics/color.sty
Package: color 2005/11/14 v1.0j Standard LaTeX Color (DPC)

(/opt/local/share/texmf-texlive/tex/latex/latexconfig/color.cfg
File: color.cfg 2007/01/18 v1.5 color configuration of teTeX/TeXLive
)
Package color Info: Driver file: pdftex.def on input line 130.
)
(/opt/local/share/texmf-texlive/tex/latex/hyperref/hyperref.sty
Package: hyperref 2012/11/06 v6.83m Hypertext links for LaTeX

(/opt/local/share/texmf-texlive/tex/generic/oberdiek/hobsub-hyperref.sty
Package: hobsub-hyperref 2012/05/28 v1.13 Bundle oberdiek, subset hyperref (HO)


(/opt/local/share/texmf-texlive/tex/generic/oberdiek/hobsub-generic.sty
Package: hobsub-generic 2012/05/28 v1.13 Bundle oberdiek, subset generic (HO)
Package: hobsub 2012/05/28 v1.13 Construct package bundles (HO)
Package hobsub Info: Skipping package `infwarerr' (already loaded).
Package hobsub Info: Skipping package `ltxcmds' (already loaded).
Package: ifluatex 2010/03/01 v1.3 Provides the ifluatex switch (HO)
Package ifluatex Info: LuaTeX not detected.
Package: ifvtex 2010/03/01 v1.5 Detect VTeX and its facilities (HO)
Package ifvtex Info: VTeX not detected.
Package: intcalc 2007/09/27 v1.1 Expandable calculations with integers (HO)
Package: ifpdf 2011/01/30 v2.3 Provides the ifpdf switch (HO)
Package ifpdf Info: pdfTeX in PDF mode is detected.
Package: etexcmds 2011/02/16 v1.5 Avoid name clashes with e-TeX commands (HO)
Package etexcmds Info: Could not find \expanded.
(etexcmds)             That can mean that you are not using pdfTeX 1.50 or
(etexcmds)             that some package has redefined \expanded.
(etexcmds)             In the latter case, load this package earlier.
Package: kvsetkeys 2012/04/25 v1.16 Key value parser (HO)
Package: kvdefinekeys 2011/04/07 v1.3 Define keys (HO)
Package: pdftexcmds 2011/11/29 v0.20 Utility functions of pdfTeX for LuaTeX (HO
)
Package pdftexcmds Info: LuaTeX not detected.
Package pdftexcmds Info: \pdf@primitive is available.
Package pdftexcmds Info: \pdf@ifprimitive is available.
Package pdftexcmds Info: \pdfdraftmode found.
Package: pdfescape 2011/11/25 v1.13 Implements pdfTeX's escape features (HO)
Package: bigintcalc 2012/04/08 v1.3 Expandable calculations on big integers (HO
)
Package: bitset 2011/01/30 v1.1 Handle bit-vector datatype (HO)
Package: uniquecounter 2011/01/30 v1.2 Provide unlimited unique counter (HO)
)
Package hobsub Info: Skipping package `hobsub' (already loaded).
Package: letltxmacro 2010/09/02 v1.4 Let assignment for LaTeX macros (HO)
Package: hopatch 2012/05/28 v1.2 Wrapper for package hooks (HO)
Package: xcolor-patch 2011/01/30 xcolor patch
Package: atveryend 2011/06/30 v1.8 Hooks at the very end of document (HO)
Package: atbegshi 2011/10/05 v1.16 At begin shipout hook (HO)
Package: refcount 2011/10/16 v3.4 Data extraction from label references (HO)
Package: hycolor 2011/01/30 v1.7 Color options for hyperref/bookmark (HO)
)
(/opt/local/share/texmf-texlive/tex/generic/ifxetex/ifxetex.sty
Package: ifxetex 2010/09/12 v0.6 Provides ifxetex conditional
)
(/opt/local/share/texmf-texlive/tex/latex/oberdiek/auxhook.sty
Package: auxhook 2011/03/04 v1.3 Hooks for auxiliary files (HO)
)
(/opt/local/share/texmf-texlive/tex/latex/oberdiek/kvoptions.sty
Package: kvoptions 2011/06/30 v3.11 Key value format for package options (HO)
)
\@linkdim=\dimen112
\Hy@linkcounter=\count98
\Hy@pagecounter=\count99

(/opt/local/share/texmf-texlive/tex/latex/hyperref/pd1enc.def
File: pd1enc.def 2012/11/06 v6.83m Hyperref: PDFDocEncoding definition (HO)
)
\Hy@SavedSpaceFactor=\count100

(/opt/local/share/texmf-texlive/tex/latex/latexconfig/hyperref.cfg
File: hyperref.cfg 2002/06/06 v1.2 hyperref configuration of TeXLive
)
Package hyperref Info: Hyper figures OFF on input line 4443.
Package hyperref Info: Link nesting OFF on input line 4448.
Package hyperref Info: Hyper index ON on input line 4451.
Package hyperref Info: Plain pages OFF on input line 4458.
Package hyperref Info: Backreferencing OFF on input line 4463.
Package hyperref Info: Implicit mode ON; LaTeX internals redefined.
Package hyperref Info: Bookmarks ON on input line 4688.
\c@Hy@tempcnt=\count101

(/opt/local/share/texmf-texlive/tex/latex/url/url.sty
\Urlmuskip=\muskip10
Package: url 2006/04/12  ver 3.3  Verb mode for urls, etc.
)
LaTeX Info: Redefining \url on input line 5041.
\XeTeXLinkMargin=\dimen113
\Fld@menulength=\count102
\Field@Width=\dimen114
\Fld@charsize=\dimen115
Package hyperref Info: Hyper figures OFF on input line 6295.
Package hyperref Info: Link nesting OFF on input line 6300.
Package hyperref Info: Hyper index ON on input line 6303.
Package hyperref Info: backreferencing OFF on input line 6310.
Package hyperref Info: Link coloring OFF on input line 6315.
Package hyperref Info: Link coloring with OCG OFF on input line 6320.
Package hyperref Info: PDF/A mode OFF on input line 6325.
LaTeX Info: Redefining \ref on input line 6365.
LaTeX Info: Redefining \pageref on input line 6369.
\Hy@abspage=\count103
\c@Item=\count104
\c@Hfootnote=\count105
)

Package hyperref Message: Driver (autodetected): hpdftex.

(/opt/local/share/texmf-texlive/tex/latex/hyperref/hpdftex.def
File: hpdftex.def 2012/11/06 v6.83m Hyperref driver for pdfTeX
\Fld@listcount=\count106
\c@bookmark@seq@number=\count107

(/opt/local/share/texmf-texlive/tex/latex/oberdiek/rerunfilecheck.sty
Package: rerunfilecheck 2011/04/15 v1.7 Rerun checks for auxiliary files (HO)
Package uniquecounter Info: New unique counter `rerunfilecheck' on input line 2
82.
)
\Hy@SectionHShift=\skip47
)
(/opt/local/share/texmf-texlive/tex/latex/rotating/rotating.sty
Package: rotating 2009/03/28 v2.16a rotated objects in LaTeX

(/opt/local/share/texmf-texlive/tex/latex/base/ifthen.sty
Package: ifthen 2001/05/26 v1.1c Standard LaTeX ifthen package (DPC)
)
\c@r@tfl@t=\count108
\rotFPtop=\skip48
\rotFPbot=\skip49
\rot@float@box=\box26
\rot@mess@toks=\toks15
)
(/opt/local/share/texmf-texlive/tex/generic/ulem/ulem.sty
\UL@box=\box27
\UL@hyphenbox=\box28
\UL@skip=\skip50
\UL@hook=\toks16
\UL@height=\dimen116
\UL@pe=\count109
\UL@pixel=\dimen117
\ULC@box=\box29
Package: ulem 2012/05/18
\ULdepth=\dimen118
)
Disabled uppercase in PDF strings
(./THESIS.aux)
\openout1 = `THESIS.aux'.

LaTeX Font Info:    Checking defaults for OML/cmm/m/it on input line 132.
LaTeX Font Info:    ... okay on input line 132.
LaTeX Font Info:    Checking defaults for T1/cmr/m/n on input line 132.
LaTeX Font Info:    ... okay on input line 132.
LaTeX Font Info:    Checking defaults for OT1/cmr/m/n on input line 132.
LaTeX Font Info:    ... okay on input line 132.
LaTeX Font Info:    Checking defaults for OMS/cmsy/m/n on input line 132.
LaTeX Font Info:    ... okay on input line 132.
LaTeX Font Info:    Checking defaults for OMX/cmex/m/n on input line 132.
LaTeX Font Info:    ... okay on input line 132.
LaTeX Font Info:    Checking defaults for U/cmr/m/n on input line 132.
LaTeX Font Info:    ... okay on input line 132.
LaTeX Font Info:    Checking defaults for PD1/pdf/m/n on input line 132.
LaTeX Font Info:    ... okay on input line 132.
 (/opt/local/share/texmf-texlive/tex/context/base/supp-pdf.mkii
[Loading MPS to PDF converter (version 2006.09.02).]
\scratchcounter=\count110
\scratchdimen=\dimen119
\scratchbox=\box30
\nofMPsegments=\count111
\nofMParguments=\count112
\everyMPshowfont=\toks17
\MPscratchCnt=\count113
\MPscratchDim=\dimen120
\MPnumerator=\count114
\makeMPintoPDFobject=\count115
\everyMPtoPDFconversion=\toks18
) (/opt/local/share/texmf-texlive/tex/latex/oberdiek/epstopdf-base.sty
Package: epstopdf-base 2010/02/09 v2.5 Base part for package epstopdf

(/opt/local/share/texmf-texlive/tex/latex/oberdiek/grfext.sty
Package: grfext 2010/08/19 v1.1 Manage graphics extensions (HO)
)
Package grfext Info: Graphics extension search list:
(grfext)             [.png,.pdf,.jpg,.mps,.jpeg,.jbig2,.jb2,.PNG,.PDF,.JPG,.JPE
G,.JBIG2,.JB2,.eps]
(grfext)             \AppendGraphicsExtensions on input line 452.

(/opt/local/share/texmf-texlive/tex/latex/latexconfig/epstopdf-sys.cfg
File: epstopdf-sys.cfg 2010/07/13 v1.3 Configuration of (r)epstopdf for TeX Liv
e
))
Package caption Info: Begin \AtBeginDocument code.
Package caption Info: hyperref package is loaded.
Package caption Info: rotating package is loaded.
Package caption Info: End \AtBeginDocument code.
\AtBeginShipoutBox=\box31
Package hyperref Info: Link coloring OFF on input line 132.

(/opt/local/share/texmf-texlive/tex/latex/hyperref/nameref.sty
Package: nameref 2012/10/27 v2.43 Cross-referencing by name of section

(/opt/local/share/texmf-texlive/tex/generic/oberdiek/gettitlestring.sty
Package: gettitlestring 2010/12/03 v1.4 Cleanup title references (HO)
)
\c@section@level=\count116
)
LaTeX Info: Redefining \ref on input line 132.
LaTeX Info: Redefining \pageref on input line 132.
LaTeX Info: Redefining \nameref on input line 132.

(./THESIS.out) (./THESIS.out)
\@outlinefile=\write3
\openout3 = `THESIS.out'.

 [1

{/opt/local/var/db/texmf/fonts/map/pdftex/updmap/pdftex.map}]
LaTeX Font Info:    Try loading font information for OMS+cmr on input line 159.

 (/opt/local/share/texmf-texlive/tex/latex/base/omscmr.fd
File: omscmr.fd 1999/05/25 v2.5h Standard LaTeX font definitions
)
LaTeX Font Info:    Font shape `OMS/cmr/m/n' in size <12> not available
(Font)              Font shape `OMS/cmsy/m/n' tried instead on input line 159.
LaTeX Font Info:    External font `cmex10' loaded for size
(Font)              <12> on input line 159.
LaTeX Font Info:    External font `cmex10' loaded for size
(Font)              <8> on input line 159.
LaTeX Font Info:    External font `cmex10' loaded for size
(Font)              <6> on input line 159.

[2

]
\lenguide=\skip51
 [3

] [4


] [5] (./THESIS.toc [6

] [7])
\tf@toc=\write4
\openout4 = `THESIS.toc'.

 [8] (./THESIS.lof [9

]
! Extra }, or forgotten $.
<argument> ...is figure with new detchar paper.]}}
                                                  \relax }}\hyper@linkend 
l.17 ... paper.]}}\relax }}{17}{figure.caption.13}
                                                  
? 
! Extra }, or forgotten $.
<argument> ...e with new detchar paper.]}}\relax }
                                                  }\hyper@linkend 
l.17 ... paper.]}}\relax }}{17}{figure.caption.13}
                                                  
? 
! Extra }, or forgotten $.
<argument> ... with new detchar paper.]}}\relax }}
                                                  \hyper@linkend 
l.17 ... paper.]}}\relax }}{17}{figure.caption.13}
                                                  
? 
! Missing $ inserted.
<inserted text> 
                $
l.17 ... paper.]}}\relax }}{17}{figure.caption.13}
                                                  
? 
! Display math should end with $$.
<to be read again> 
                   \endgroup 
l.17 ... paper.]}}\relax }}{17}{figure.caption.13}
                                                  
? 
! Missing } inserted.
<inserted text> 
                }
l.17 ... paper.]}}\relax }}{17}{figure.caption.13}
                                                  
? 
! Missing } inserted.
<inserted text> 
                }
l.17 ... paper.]}}\relax }}{17}{figure.caption.13}
                                                  
? 
! Missing } inserted.
<inserted text> 
                }
l.17 ... paper.]}}\relax }}{17}{figure.caption.13}
                                                  
? 
)
\tf@lof=\write5
\openout5 = `THESIS.lof'.

 [10] (./thesis_intro.tex
Chapter 1.

Package hyperref Warning: bookmark level for unknown Chapter defaults to 0.

<figures/iLIGO_noise_curve.png, id=394, 933.4875pt x 587.19376pt>
File: figures/iLIGO_noise_curve.png Graphic file (type png)

<use figures/iLIGO_noise_curve.png>
Package pdftex.def Info: figures/iLIGO_noise_curve.png used on input line 17.
(pdftex.def)             Requested size: 433.62pt x 272.76451pt.
 [1


] [2 <./figures/iLIGO_noise_curve.png (PNG copy)>] <figures/aLIGO_noise_curve.p
ng, id=412, 458.71375pt x 381.425pt>
File: figures/aLIGO_noise_curve.png Graphic file (type png)

<use figures/aLIGO_noise_curve.png>
Package pdftex.def Info: figures/aLIGO_noise_curve.png used on input line 59.
(pdftex.def)             Requested size: 208.13574pt x 173.06557pt.

<figures/aLIGO_performance_gain.png, id=415, 420.57124pt x 354.32375pt>
File: figures/aLIGO_performance_gain.png Graphic file (type png)

<use figures/aLIGO_performance_gain.png>
Package pdftex.def Info: figures/aLIGO_performance_gain.png used on input line 
66.
(pdftex.def)             Requested size: 208.13574pt x 175.35023pt.
 [3] [4 <./figures/aLIGO_noise_curve.png (PNG copy)> <./figures/aLIGO_performan
ce_gain.png (PNG copy)>]
<figures/BSC_ISI.png, id=440, 525.965pt x 483.8075pt>
File: figures/BSC_ISI.png Graphic file (type png)

<use figures/BSC_ISI.png>
Package pdftex.def Info: figures/BSC_ISI.png used on input line 94.
(pdftex.def)             Requested size: 289.28163pt x 266.09494pt.
 [5]
<figures/SEI_isolation_loop.png, id=447, 423.5825pt x 305.14pt>
File: figures/SEI_isolation_loop.png Graphic file (type png)

<use figures/SEI_isolation_loop.png>
Package pdftex.def Info: figures/SEI_isolation_loop.png used on input line 100.

(pdftex.def)             Requested size: 254.15146pt x 183.0854pt.

<figures/Current_HAM_ISI_performance.png, id=449, 388.45125pt x 294.09875pt>
File: figures/Current_HAM_ISI_performance.png Graphic file (type png)

<use figures/Current_HAM_ISI_performance.png>
Package pdftex.def Info: figures/Current_HAM_ISI_performance.png used on input 
line 111.
(pdftex.def)             Requested size: 216.81pt x 164.15117pt.

<figures/SEI_SUS_spectra.png, id=450, 517.935pt x 424.58624pt>
File: figures/SEI_SUS_spectra.png Graphic file (type png)

<use figures/SEI_SUS_spectra.png>
Package pdftex.def Info: figures/SEI_SUS_spectra.png used on input line 117.
(pdftex.def)             Requested size: 216.81pt x 177.73544pt.
 [6 <./figures/BSC_ISI.png (PNG copy)>])
[7 <./figures/SEI_isolation_loop.png (PNG copy)>] (./thesis_CCSN.tex [8 <./figu
res/Current_HAM_ISI_performance.png (PNG copy)> <./figures/SEI_SUS_spectra.png 
(PNG copy)>]
Chapter 2.
! Undefined control sequence.
<recently read> \blacksquare 
                             
l.12 ...ause cannot be replicated by other groups}
                                                  :
? 
[9

]
LaTeX Font Info:    External font `cmex10' loaded for size
(Font)              <7> on input line 17.
LaTeX Font Info:    External font `cmex10' loaded for size
(Font)              <5> on input line 17.

! Undefined control sequence.
<recently read> \blacksquare 
                             
l.19 ...n. \todo{Omit all references to acoustic?}
                                                  
? 
<figures/SN_waveforms.png, id=486, 404.51125pt x 591.20876pt>
File: figures/SN_waveforms.png Graphic file (type png)

<use figures/SN_waveforms.png>
Package pdftex.def Info: figures/SN_waveforms.png used on input line 28.
(pdftex.def)             Requested size: 242.70862pt x 354.72798pt.
 [10]) [11 <./figures/SN_waveforms.png>]
(./thesis_CCSN_aLIGO.tex
Chapter 3.
) [12

] (./thesis_DetChar.tex
Chapter 4.
<figures/ER3_efficiency_vs_snr.png, id=509, 578.16pt x 433.62pt>
File: figures/ER3_efficiency_vs_snr.png Graphic file (type png)

<use figures/ER3_efficiency_vs_snr.png>
Package pdftex.def Info: figures/ER3_efficiency_vs_snr.png used on input line 2
1.
(pdftex.def)             Requested size: 231.2599pt x 173.44492pt.
 [13

]
! Undefined control sequence.
<recently read> \blacksquare 
                             
l.28 ... tens or hundreds of seconds. \todo{DONE?}
                                                  
? 

LaTeX Warning: Reference `fig:aLIGOconfig' on page 14 undefined on input line 4
0.

! Undefined control sequence.
<recently read> \blacksquare 
                             
l.41 \todo{Replace all with DARM results!!}
                                           
? 
[14 <./figures/ER3_efficiency_vs_snr.png>]
<figures/GroundMotionSpec.png, id=526, 1284.8pt x 770.88pt>
File: figures/GroundMotionSpec.png Graphic file (type png)

<use figures/GroundMotionSpec.png>
Package pdftex.def Info: figures/GroundMotionSpec.png used on input line 47.
(pdftex.def)             Requested size: 208.13574pt x 124.87247pt.

<figures/PRMI_PRCL_spec.png, id=527, 1284.8pt x 770.88pt>
File: figures/PRMI_PRCL_spec.png Graphic file (type png)

<use figures/PRMI_PRCL_spec.png>
Package pdftex.def Info: figures/PRMI_PRCL_spec.png used on input line 53.
(pdftex.def)             Requested size: 208.13574pt x 124.87247pt.

<figures/Spectro_ground.png, id=528, 867.24pt x 433.62pt>
File: figures/Spectro_ground.png Graphic file (type png)

<use figures/Spectro_ground.png>
Package pdftex.def Info: figures/Spectro_ground.png used on input line 69.
(pdftex.def)             Requested size: 195.12767pt x 97.56029pt.

<figures/Omicron_ground.png, id=529, 867.24pt x 433.62pt>
File: figures/Omicron_ground.png Graphic file (type png)

<use figures/Omicron_ground.png>
Package pdftex.def Info: figures/Omicron_ground.png used on input line 75.
(pdftex.def)             Requested size: 195.12767pt x 97.56029pt.


LaTeX Warning: Reference `s:proposed' on page 15 undefined on input line 83.

[15 <./figures/GroundMotionSpec.png> <./figures/PRMI_PRCL_spec.png>]
<figures/S6DQVetos.png, id=537, 502.87875pt x 418.56375pt>
File: figures/S6DQVetos.png Graphic file (type png)

<use figures/S6DQVetos.png>
Package pdftex.def Info: figures/S6DQVetos.png used on input line 95.
(pdftex.def)             Requested size: 201.14793pt x 167.42252pt.

! Undefined control sequence.
\todo #1->{\color {red}$\blacksquare 
                                     $~\textsf {[TODO: #1]}}
l.96 ...n of this figure with new detchar paper.}}
                                                  
? 
! Undefined control sequence.
<recently read> \blacksquare 
                             
l.96 ...n of this figure with new detchar paper.}}
                                                  
? 
! Undefined control sequence.
<recently read> \blacksquare 
                             
l.96 ...n of this figure with new detchar paper.}}
                                                  
? 
) [16 <./figures/Spectro_ground.png> <./figures/Omicron_ground.png>]
(./thesis_CCSN_noise.tex [17 <./figures/S6DQVetos.png (PNG copy)>]
Chapter 5.
) [18

] (./thesis_Conclusions.tex
Chapter 6.
) (./THESIS.bbl [19

]

Package hyperref Warning: bookmark level for unknown BackMatter defaults to 0.

)
Package atveryend Info: Empty hook `BeforeClearDocument' on input line 294.
 [20

]
Package atveryend Info: Empty hook `AfterLastShipout' on input line 294.
 (./THESIS.aux)
Package atveryend Info: Executing hook `AtVeryEndDocument' on input line 294.
Package atveryend Info: Executing hook `AtEndAfterFileList' on input line 294.
Package rerunfilecheck Info: File `THESIS.out' has not changed.
(rerunfilecheck)             Checksum: 13C3C679B9A631A65D56DC6FBD820459;4198.


LaTeX Warning: There were undefined references.


LaTeX Warning: Label(s) may have changed. Rerun to get cross-references right.

 ) 
Here is how much of TeX's memory you used:
 7255 strings out of 494227
 110519 string characters out of 6157705
 202947 words of memory out of 5000000
 10324 multiletter control sequences out of 15000+600000
 8348 words of font info for 30 fonts, out of 8000000 for 9000
 430 hyphenation exceptions out of 8191
 36i,8n,41p,928b,496s stack positions out of 5000i,500n,10000p,200000b,80000s
</opt/local/share/texmf-texlive/fonts/type1/public/amsfonts/cm/cmbx12.pfb></o
pt/local/share/texmf-texlive/fonts/type1/public/amsfonts/cm/cmmi12.pfb></opt/lo
cal/share/texmf-texlive/fonts/type1/public/amsfonts/cm/cmr10.pfb></opt/local/sh
are/texmf-texlive/fonts/type1/public/amsfonts/cm/cmr12.pfb></opt/local/share/te
xmf-texlive/fonts/type1/public/amsfonts/cm/cmr7.pfb></opt/local/share/texmf-tex
live/fonts/type1/public/amsfonts/cm/cmr8.pfb></opt/local/share/texmf-texlive/fo
nts/type1/public/amsfonts/cm/cmss12.pfb></opt/local/share/texmf-texlive/fonts/t
ype1/public/amsfonts/cm/cmsy10.pfb></opt/local/share/texmf-texlive/fonts/type1/
public/amsfonts/cm/cmsy8.pfb></opt/local/share/texmf-texlive/fonts/type1/public
/amsfonts/cm/cmti12.pfb>
Output written on THESIS.pdf (30 pages, 6538181 bytes).
PDF statistics:
 621 PDF objects out of 1000 (max. 8388607)
 549 compressed objects within 6 object streams
 111 named destinations out of 1000 (max. 500000)
 487 words of extra memory for PDF output out of 10000 (max. 10000000)

